<?xml version="1.0" encoding="UTF-8"?><testsuite name="nosetests" tests="11" errors="0" failures="0" skip="0"><testcase classname="test_gsloader.SpreadSheetLoaderTest" name="test_add_new_column" time="0.002"></testcase><testcase classname="test_gsloader.SpreadSheetLoaderTest" name="test_calculate_moving_average_data_present" time="0.001"></testcase><testcase classname="test_gsloader.SpreadSheetLoaderTest" name="test_calculate_moving_average_no_data" time="0.001"><system-out><![CDATA[Not enough data to calculate moving average with window 5
]]></system-out></testcase><testcase classname="test_gsloader.SpreadSheetLoaderTest" name="test_cast_int" time="0.000"></testcase><testcase classname="test_gsloader.SpreadSheetLoaderTest" name="test_col_name_spreasheet_col_name" time="0.000"></testcase><testcase classname="test_gsloader.SpreadSheetLoaderTest" name="test_get_data_from_worksheet_data_present" time="0.002"></testcase><testcase classname="test_gsloader.SpreadSheetLoaderTest" name="test_get_data_from_worksheet_no_data" time="0.002"></testcase><testcase classname="test_gsloader.SpreadSheetLoaderTest" name="test_get_data_from_worksheet_no_spreadsheet" time="0.001"><system-out><![CDATA[No spreadsheet was found with id: www111
]]></system-out></testcase><testcase classname="test_gsloader.SpreadSheetLoaderTest" name="test_moving_average" time="0.001"></testcase><testcase classname="test_gsloader.SpreadSheetLoaderTest" name="test_sort_data_by_date" time="0.029"></testcase><testcase classname="test_gsloader.SpreadSheetLoaderTest" name="test_sort_data_by_date_no_date_column" time="0.000"></testcase></testsuite>